Using pre-set license
Built from '2020.3/staging' branch; Version is '2020.3.0f1 (c7b5465681fb) revision 13088070'; Using compiler version '192528614'; Build Type 'Release'
OS: 'Windows 10 Home; OS build 19042.867; Version 2009; 64bit' Language: 'en' Physical Memory: 6066 MB
BatchMode: 1, IsHumanControllingUs: 0, StartBugReporterOnCrash: 0, Is64bit: 1, IsPro: 0

 COMMAND LINE ARGUMENTS:
C:\Program Files\Unity\Hub\Editor\2020.3.0f1\Editor\Unity.exe
-adb2
-batchMode
-noUpm
-name
AssetImportWorker0
-projectPath
C:/Users/olise/Desktop/Programming suite/Class/Game Design corse/TowerDefense-2
-logFile
Logs/AssetImportWorker0.log
-srvPort
59456
Successfully changed project path to: C:/Users/olise/Desktop/Programming suite/Class/Game Design corse/TowerDefense-2
C:/Users/olise/Desktop/Programming suite/Class/Game Design corse/TowerDefense-2
Using Asset Import Pipeline V2.
Refreshing native plugins compatible for Editor in 36.64 ms, found 0 plugins.
Preloading 0 native plugins for Editor in 0.00 ms.
Initialize engine version: 2020.3.0f1 (c7b5465681fb)
[Subsystems] Discovering subsystems at path C:/Program Files/Unity/Hub/Editor/2020.3.0f1/Editor/Data/Resources/UnitySubsystems
[Subsystems] Discovering subsystems at path C:/Users/olise/Desktop/Programming suite/Class/Game Design corse/TowerDefense-2/Assets
GfxDevice: creating device client; threaded=0
Direct3D:
    Version:  Direct3D 11.0 [level 11.1]
    Renderer: Intel(R) HD Graphics 5500 (ID=0x1616)
    Vendor:   
    VRAM:     3033 MB
    Driver:   20.19.15.5058
Initialize mono
Mono path[0] = 'C:/Program Files/Unity/Hub/Editor/2020.3.0f1/Editor/Data/Managed'
Mono path[1] = 'C:/Program Files/Unity/Hub/Editor/2020.3.0f1/Editor/Data/MonoBleedingEdge/lib/mono/unityjit'
Mono config path = 'C:/Program Files/Unity/Hub/Editor/2020.3.0f1/Editor/Data/MonoBleedingEdge/etc'
Using monoOptions --debugger-agent=transport=dt_socket,embedding=1,server=y,suspend=n,address=127.0.0.1:56700
Begin MonoManager ReloadAssembly
Registering precompiled unity dll's ...
Register platform support module: C:/Program Files/Unity/Hub/Editor/2020.3.0f1/Editor/Data/PlaybackEngines/WindowsStandaloneSupport/UnityEditor.WindowsStandalone.Extensions.dll
Registered in 0.004915 seconds.
Native extension for WindowsStandalone target not found
Refreshing native plugins compatible for Editor in 29.79 ms, found 0 plugins.
Preloading 0 native plugins for Editor in 0.00 ms.
Invoked RoslynAnalysisRunner static constructor.
RoslynAnalysisRunner will not be running.
RoslynAnalysisRunner has terminated.
Mono: successfully reloaded assembly
- Completed reload, in  2.291 seconds
Platform modules already initialized, skipping
Registering precompiled user dll's ...
Registered in 0.001818 seconds.
Begin MonoManager ReloadAssembly
Native extension for WindowsStandalone target not found
Refreshing native plugins compatible for Editor in 0.25 ms, found 0 plugins.
Preloading 0 native plugins for Editor in 0.00 ms.
Invoked RoslynAnalysisRunner static constructor.
RoslynAnalysisRunner will not be running.
RoslynAnalysisRunner has terminated.
Mono: successfully reloaded assembly
- Completed reload, in  1.277 seconds
Platform modules already initialized, skipping
========================================================================
Worker process is ready to serve import requests
Launched and connected shader compiler UnityShaderCompiler.exe after 0.09 seconds
Refreshing native plugins compatible for Editor in 0.37 ms, found 0 plugins.
Preloading 0 native plugins for Editor in 0.00 ms.
Unloading 1135 Unused Serialized files (Serialized files now loaded: 0)
System memory in use before: 70.8 MB.
System memory in use after: 70.9 MB.

Unloading 9 unused Assets to reduce memory usage. Loaded Objects now: 1593.
Total: 2.171500 ms (FindLiveObjects: 0.197800 ms CreateObjectMapping: 0.077500 ms MarkObjects: 1.797400 ms  DeleteObjects: 0.097100 ms)

========================================================================
Received Prepare
Registering precompiled user dll's ...
Registered in 0.001730 seconds.
Begin MonoManager ReloadAssembly
Native extension for WindowsStandalone target not found
Refreshing native plugins compatible for Editor in 0.45 ms, found 0 plugins.
Preloading 0 native plugins for Editor in 0.00 ms.
Invoked RoslynAnalysisRunner static constructor.
RoslynAnalysisRunner will not be running.
RoslynAnalysisRunner has terminated.
Mono: successfully reloaded assembly
- Completed reload, in  1.288 seconds
Platform modules already initialized, skipping
Refreshing native plugins compatible for Editor in 3.64 ms, found 0 plugins.
Preloading 0 native plugins for Editor in 0.00 ms.
Unloading 1115 Unused Serialized files (Serialized files now loaded: 0)
System memory in use before: 69.7 MB.
System memory in use after: 69.8 MB.

Unloading 5 unused Assets to reduce memory usage. Loaded Objects now: 1595.
Total: 2.061800 ms (FindLiveObjects: 0.150100 ms CreateObjectMapping: 0.058400 ms MarkObjects: 1.831300 ms  DeleteObjects: 0.020300 ms)

========================================================================
Received Prepare
Registering precompiled user dll's ...
Registered in 0.001748 seconds.
Begin MonoManager ReloadAssembly
Native extension for WindowsStandalone target not found
Refreshing native plugins compatible for Editor in 0.48 ms, found 0 plugins.
Preloading 0 native plugins for Editor in 0.00 ms.
Invoked RoslynAnalysisRunner static constructor.
RoslynAnalysisRunner will not be running.
RoslynAnalysisRunner has terminated.
Mono: successfully reloaded assembly
- Completed reload, in  1.222 seconds
Platform modules already initialized, skipping
Refreshing native plugins compatible for Editor in 0.44 ms, found 0 plugins.
Preloading 0 native plugins for Editor in 0.00 ms.
Unloading 1115 Unused Serialized files (Serialized files now loaded: 0)
System memory in use before: 69.7 MB.
System memory in use after: 69.8 MB.

Unloading 4 unused Assets to reduce memory usage. Loaded Objects now: 1598.
Total: 2.198900 ms (FindLiveObjects: 0.201100 ms CreateObjectMapping: 0.085700 ms MarkObjects: 1.894000 ms  DeleteObjects: 0.016500 ms)

========================================================================
Received Import Request.
  path: Assets/Tower Defense/Scripts/Tower.cs
  artifactKey: Guid(d60e45d9a7afa1942bdc16153a46e2ea) Importer(815301076,1909f56bfc062723c751e8b465ee728b)
Start importing Assets/Tower Defense/Scripts/Tower.cs using Guid(d60e45d9a7afa1942bdc16153a46e2ea) Importer(815301076,1909f56bfc062723c751e8b465ee728b)  -> (artifact id: '2055c0f2c372e6f0ffb2b7d7bada1523') in 0.062877 seconds
  Import took 0.066827 seconds .

========================================================================
Received Import Request.
  Time since last request: 0.007492 seconds.
  path: Assets/Tower Defense/Scripts/Tower.cs
  artifactKey: Guid(d60e45d9a7afa1942bdc16153a46e2ea) Importer(815301076,1909f56bfc062723c751e8b465ee728b)
Start importing Assets/Tower Defense/Scripts/Tower.cs using Guid(d60e45d9a7afa1942bdc16153a46e2ea) Importer(815301076,1909f56bfc062723c751e8b465ee728b)  -> (artifact id: '2055c0f2c372e6f0ffb2b7d7bada1523') in 0.014962 seconds
  Import took 0.018818 seconds .

========================================================================
Received Import Request.
  Time since last request: 0.594906 seconds.
  path: Assets/Tower Defense/Scripts/Waypoint.cs
  artifactKey: Guid(d74af3c33b706ae4aa0316b149bea501) Importer(815301076,1909f56bfc062723c751e8b465ee728b)
Start importing Assets/Tower Defense/Scripts/Waypoint.cs using Guid(d74af3c33b706ae4aa0316b149bea501) Importer(815301076,1909f56bfc062723c751e8b465ee728b)  -> (artifact id: '0902ae26185719d1b17d432dc5c0c982') in 0.010945 seconds
  Import took 0.017445 seconds .

========================================================================
Received Import Request.
  Time since last request: 96.563567 seconds.
  path: Assets/Tower Defense/Prefab
  artifactKey: Guid(c1994991cbee6f3479acc959ee67443c) Importer(815301076,1909f56bfc062723c751e8b465ee728b)
Start importing Assets/Tower Defense/Prefab using Guid(c1994991cbee6f3479acc959ee67443c) Importer(815301076,1909f56bfc062723c751e8b465ee728b)  -> (artifact id: 'a48b3c117b7d79929e8c2d36badff3b5') in 0.016242 seconds
  Import took 0.020564 seconds .

========================================================================
Received Prepare
Registering precompiled user dll's ...
Registered in 0.001783 seconds.
Begin MonoManager ReloadAssembly
Native extension for WindowsStandalone target not found
Refreshing native plugins compatible for Editor in 0.26 ms, found 0 plugins.
Preloading 0 native plugins for Editor in 0.00 ms.
Invoked RoslynAnalysisRunner static constructor.
RoslynAnalysisRunner will not be running.
RoslynAnalysisRunner has terminated.
Mono: successfully reloaded assembly
- Completed reload, in  1.456 seconds
Platform modules already initialized, skipping
Refreshing native plugins compatible for Editor in 0.37 ms, found 0 plugins.
Preloading 0 native plugins for Editor in 0.00 ms.
Unloading 1117 Unused Serialized files (Serialized files now loaded: 0)
System memory in use before: 69.8 MB.
System memory in use after: 69.9 MB.

Unloading 4 unused Assets to reduce memory usage. Loaded Objects now: 1603.
Total: 1.770400 ms (FindLiveObjects: 0.162900 ms CreateObjectMapping: 0.040100 ms MarkObjects: 1.548100 ms  DeleteObjects: 0.017000 ms)

========================================================================
Received Import Request.
  Time since last request: 273.479122 seconds.
  path: Assets/Tower Defense/Scripts/coin.cs
  artifactKey: Guid(fe6d181562ccb1c4d9a9754a0dd36d1c) Importer(815301076,1909f56bfc062723c751e8b465ee728b)
Start importing Assets/Tower Defense/Scripts/coin.cs using Guid(fe6d181562ccb1c4d9a9754a0dd36d1c) Importer(815301076,1909f56bfc062723c751e8b465ee728b)  -> (artifact id: '397b551cb1e22a5c501749f9aa1bc3da') in 0.018803 seconds
  Import took 0.026690 seconds .

========================================================================
Received Prepare
Registering precompiled user dll's ...
Registered in 0.002611 seconds.
Begin MonoManager ReloadAssembly
Native extension for WindowsStandalone target not found
Refreshing native plugins compatible for Editor in 0.25 ms, found 0 plugins.
Preloading 0 native plugins for Editor in 0.00 ms.
Invoked RoslynAnalysisRunner static constructor.
RoslynAnalysisRunner will not be running.
RoslynAnalysisRunner has terminated.
Mono: successfully reloaded assembly
- Completed reload, in  1.282 seconds
Platform modules already initialized, skipping
Refreshing native plugins compatible for Editor in 0.69 ms, found 0 plugins.
Preloading 0 native plugins for Editor in 0.00 ms.
Unloading 1118 Unused Serialized files (Serialized files now loaded: 0)
System memory in use before: 69.8 MB.
System memory in use after: 69.9 MB.

Unloading 4 unused Assets to reduce memory usage. Loaded Objects now: 1607.
Total: 2.068400 ms (FindLiveObjects: 0.191600 ms CreateObjectMapping: 0.077800 ms MarkObjects: 1.778700 ms  DeleteObjects: 0.018700 ms)

========================================================================
Received Import Request.
  Time since last request: 5.483994 seconds.
  path: Assets/Tower Defense/Textures
  artifactKey: Guid(31f7d5501db3bb64d9b6db56d1b482c6) Importer(815301076,1909f56bfc062723c751e8b465ee728b)
Start importing Assets/Tower Defense/Textures using Guid(31f7d5501db3bb64d9b6db56d1b482c6) Importer(815301076,1909f56bfc062723c751e8b465ee728b)  -> (artifact id: '73137bd8aeba528d21513b3a03cc1027') in 0.014273 seconds
  Import took 0.020945 seconds .

========================================================================
Received Import Request.
  Time since last request: 0.807343 seconds.
  path: Assets/Tower Defense/Scenes/MyMap.png
  artifactKey: Guid(7e93bd3469539c845b08116a2f88644d) Importer(815301076,1909f56bfc062723c751e8b465ee728b)
Start importing Assets/Tower Defense/Scenes/MyMap.png using Guid(7e93bd3469539c845b08116a2f88644d) Importer(815301076,1909f56bfc062723c751e8b465ee728b)  -> (artifact id: 'fe55e5f9b9590c1dee2eb5dd86376436') in 0.194963 seconds
  Import took 0.199044 seconds .

========================================================================
Received Import Request.
  Time since last request: 0.000338 seconds.
  path: Assets/Tower Defense/Scenes/Star 1.png
  artifactKey: Guid(b147ee11cb92e9344b0e6ebdb218524c) Importer(815301076,1909f56bfc062723c751e8b465ee728b)
Start importing Assets/Tower Defense/Scenes/Star 1.png using Guid(b147ee11cb92e9344b0e6ebdb218524c) Importer(815301076,1909f56bfc062723c751e8b465ee728b)  -> (artifact id: '23217ef01ad2c06630dc10a280f1d14c') in 0.080305 seconds
  Import took 0.086074 seconds .

========================================================================
Received Import Request.
  Time since last request: 4.901012 seconds.
  path: Assets/Tower Defense/Scripts/NewBehaviourScript.cs
  artifactKey: Guid(e22c057ae5822a746928fce06e56a583) Importer(815301076,1909f56bfc062723c751e8b465ee728b)
Start importing Assets/Tower Defense/Scripts/NewBehaviourScript.cs using Guid(e22c057ae5822a746928fce06e56a583) Importer(815301076,1909f56bfc062723c751e8b465ee728b)  -> (artifact id: '173e66eabe8a2f025fe87e617c2ab6e0') in 0.014809 seconds
  Import took 0.021254 seconds .

========================================================================
Received Prepare
Registering precompiled user dll's ...
Registered in 0.001793 seconds.
Begin MonoManager ReloadAssembly
Native extension for WindowsStandalone target not found
Refreshing native plugins compatible for Editor in 0.25 ms, found 0 plugins.
Preloading 0 native plugins for Editor in 0.00 ms.
Invoked RoslynAnalysisRunner static constructor.
RoslynAnalysisRunner will not be running.
RoslynAnalysisRunner has terminated.
Mono: successfully reloaded assembly
- Completed reload, in  1.200 seconds
Platform modules already initialized, skipping
Refreshing native plugins compatible for Editor in 0.43 ms, found 0 plugins.
Preloading 0 native plugins for Editor in 0.00 ms.
Unloading 1117 Unused Serialized files (Serialized files now loaded: 0)
System memory in use before: 72.9 MB.
System memory in use after: 73.0 MB.

Unloading 5 unused Assets to reduce memory usage. Loaded Objects now: 1617.
Total: 2.288400 ms (FindLiveObjects: 0.246400 ms CreateObjectMapping: 0.212900 ms MarkObjects: 1.808500 ms  DeleteObjects: 0.019100 ms)

========================================================================
Received Import Request.
  Time since last request: 19.899681 seconds.
  path: Assets/Tower Defense/Scripts/Defense.cs
  artifactKey: Guid(bb5e72e6dea6da442b7a6342eae12f20) Importer(815301076,1909f56bfc062723c751e8b465ee728b)
Start importing Assets/Tower Defense/Scripts/Defense.cs using Guid(bb5e72e6dea6da442b7a6342eae12f20) Importer(815301076,1909f56bfc062723c751e8b465ee728b)  -> (artifact id: 'e768eff73f5e6e6c7678d1402a0edfc3') in 0.024971 seconds
  Import took 0.030019 seconds .

========================================================================
Received Import Request.
  Time since last request: 23.398480 seconds.
  path: Assets/Tower Defense/Prefab/Defense.prefab
  artifactKey: Guid(08eb66a9bd3d85b4880f5a32a462a46b) Importer(815301076,1909f56bfc062723c751e8b465ee728b)
Start importing Assets/Tower Defense/Prefab/Defense.prefab using Guid(08eb66a9bd3d85b4880f5a32a462a46b) Importer(815301076,1909f56bfc062723c751e8b465ee728b)  -> (artifact id: '428655b093d572ec7640f0089ee7d41d') in 0.101599 seconds
  Import took 0.106074 seconds .

========================================================================
Received Import Request.
  Time since last request: 0.023867 seconds.
  path: Assets/Tower Defense/Prefab/Defense.prefab
  artifactKey: Guid(08eb66a9bd3d85b4880f5a32a462a46b) Importer(815301076,1909f56bfc062723c751e8b465ee728b)
Start importing Assets/Tower Defense/Prefab/Defense.prefab using Guid(08eb66a9bd3d85b4880f5a32a462a46b) Importer(815301076,1909f56bfc062723c751e8b465ee728b)  -> (artifact id: '428655b093d572ec7640f0089ee7d41d') in 0.023960 seconds
  Import took 0.028261 seconds .

========================================================================
Received Prepare
Registering precompiled user dll's ...
Registered in 0.002435 seconds.
Begin MonoManager ReloadAssembly
Native extension for WindowsStandalone target not found
Refreshing native plugins compatible for Editor in 0.26 ms, found 0 plugins.
Preloading 0 native plugins for Editor in 0.00 ms.
Invoked RoslynAnalysisRunner static constructor.
RoslynAnalysisRunner will not be running.
RoslynAnalysisRunner has terminated.
Mono: successfully reloaded assembly
- Completed reload, in  1.273 seconds
Platform modules already initialized, skipping
Refreshing native plugins compatible for Editor in 0.40 ms, found 0 plugins.
Preloading 0 native plugins for Editor in 0.00 ms.
Unloading 1117 Unused Serialized files (Serialized files now loaded: 0)
System memory in use before: 72.9 MB.
System memory in use after: 73.0 MB.

Unloading 4 unused Assets to reduce memory usage. Loaded Objects now: 1626.
Total: 1.801300 ms (FindLiveObjects: 0.170700 ms CreateObjectMapping: 0.046700 ms MarkObjects: 1.564700 ms  DeleteObjects: 0.017000 ms)

========================================================================
Received Prepare
Registering precompiled user dll's ...
Registered in 0.001934 seconds.
Begin MonoManager ReloadAssembly
Native extension for WindowsStandalone target not found
Refreshing native plugins compatible for Editor in 0.24 ms, found 0 plugins.
Preloading 0 native plugins for Editor in 0.00 ms.
Invoked RoslynAnalysisRunner static constructor.
RoslynAnalysisRunner will not be running.
RoslynAnalysisRunner has terminated.
Mono: successfully reloaded assembly
- Completed reload, in  1.383 seconds
Platform modules already initialized, skipping
Refreshing native plugins compatible for Editor in 0.41 ms, found 0 plugins.
Preloading 0 native plugins for Editor in 0.00 ms.
Unloading 1118 Unused Serialized files (Serialized files now loaded: 0)
System memory in use before: 73.0 MB.
System memory in use after: 73.1 MB.

Unloading 4 unused Assets to reduce memory usage. Loaded Objects now: 1630.
Total: 1.927100 ms (FindLiveObjects: 0.234300 ms CreateObjectMapping: 0.042400 ms MarkObjects: 1.626400 ms  DeleteObjects: 0.021900 ms)

========================================================================
Received Import Request.
  Time since last request: 566.872184 seconds.
  path: Assets/Tower Defense/Prefab/Defense.prefab
  artifactKey: Guid(08eb66a9bd3d85b4880f5a32a462a46b) Importer(815301076,1909f56bfc062723c751e8b465ee728b)
Start importing Assets/Tower Defense/Prefab/Defense.prefab using Guid(08eb66a9bd3d85b4880f5a32a462a46b) Importer(815301076,1909f56bfc062723c751e8b465ee728b)  -> (artifact id: '0399615847a667215cc5671b0673da98') in 0.105479 seconds
  Import took 0.109561 seconds .

========================================================================
Received Prepare
Registering precompiled user dll's ...
Registered in 0.002977 seconds.
Begin MonoManager ReloadAssembly
Native extension for WindowsStandalone target not found
Refreshing native plugins compatible for Editor in 0.41 ms, found 0 plugins.
Preloading 0 native plugins for Editor in 0.00 ms.
Invoked RoslynAnalysisRunner static constructor.
RoslynAnalysisRunner will not be running.
RoslynAnalysisRunner has terminated.
Mono: successfully reloaded assembly
- Completed reload, in  2.284 seconds
Platform modules already initialized, skipping
Refreshing native plugins compatible for Editor in 0.42 ms, found 0 plugins.
Preloading 0 native plugins for Editor in 0.00 ms.
Unloading 1118 Unused Serialized files (Serialized files now loaded: 0)
System memory in use before: 73.0 MB.
System memory in use after: 73.1 MB.

Unloading 4 unused Assets to reduce memory usage. Loaded Objects now: 1634.
Total: 3.595700 ms (FindLiveObjects: 0.373400 ms CreateObjectMapping: 0.131700 ms MarkObjects: 3.055800 ms  DeleteObjects: 0.031000 ms)

========================================================================
Received Import Request.
  Time since last request: 103.540992 seconds.
  path: Assets/Tower Defense/Scripts/DropTower.cs
  artifactKey: Guid(deecc81381502de4d832fe532bbd5275) Importer(815301076,1909f56bfc062723c751e8b465ee728b)
Start importing Assets/Tower Defense/Scripts/DropTower.cs using Guid(deecc81381502de4d832fe532bbd5275) Importer(815301076,1909f56bfc062723c751e8b465ee728b)  -> (artifact id: '17d025f390e5cacd457199d314330d04') in 0.016600 seconds
  Import took 0.023277 seconds .

========================================================================
Received Import Request.
  Time since last request: 44.293453 seconds.
  path: Assets/Tower Defense/Prefab/Defense.prefab
  artifactKey: Guid(08eb66a9bd3d85b4880f5a32a462a46b) Importer(815301076,1909f56bfc062723c751e8b465ee728b)
Start importing Assets/Tower Defense/Prefab/Defense.prefab using Guid(08eb66a9bd3d85b4880f5a32a462a46b) Importer(815301076,1909f56bfc062723c751e8b465ee728b)  -> (artifact id: '189c8c6162a579c4d8afb65cce53fbfe') in 0.112788 seconds
  Import took 0.117137 seconds .

========================================================================
Received Import Request.
  Time since last request: 28.869957 seconds.
  path: Assets/Tower Defense/Prefab/Defense.prefab
  artifactKey: Guid(08eb66a9bd3d85b4880f5a32a462a46b) Importer(815301076,1909f56bfc062723c751e8b465ee728b)
Start importing Assets/Tower Defense/Prefab/Defense.prefab using Guid(08eb66a9bd3d85b4880f5a32a462a46b) Importer(815301076,1909f56bfc062723c751e8b465ee728b)  -> (artifact id: 'c00a773943c9e0ab8c8244d5ffaa7058') in 0.027117 seconds
  Import took 0.031251 seconds .

========================================================================
Received Import Request.
  Time since last request: 36.351696 seconds.
  path: Assets/Tower Defense/Prefab/Defense.prefab
  artifactKey: Guid(08eb66a9bd3d85b4880f5a32a462a46b) Importer(815301076,1909f56bfc062723c751e8b465ee728b)
Start importing Assets/Tower Defense/Prefab/Defense.prefab using Guid(08eb66a9bd3d85b4880f5a32a462a46b) Importer(815301076,1909f56bfc062723c751e8b465ee728b)  -> (artifact id: '679348a3444d88fca4c6d436c12620db') in 0.022758 seconds
  Import took 0.028275 seconds .

========================================================================
Received Import Request.
  Time since last request: 5.421692 seconds.
  path: Assets/Tower Defense/Prefab/Defense.prefab
  artifactKey: Guid(08eb66a9bd3d85b4880f5a32a462a46b) Importer(815301076,1909f56bfc062723c751e8b465ee728b)
Start importing Assets/Tower Defense/Prefab/Defense.prefab using Guid(08eb66a9bd3d85b4880f5a32a462a46b) Importer(815301076,1909f56bfc062723c751e8b465ee728b)  -> (artifact id: 'e7772b3405f91927ba4286b312491ef2') in 0.022653 seconds
  Import took 0.026693 seconds .

========================================================================
Received Import Request.
  Time since last request: 3.054112 seconds.
  path: Assets/Tower Defense/Prefab/Defense.prefab
  artifactKey: Guid(08eb66a9bd3d85b4880f5a32a462a46b) Importer(815301076,1909f56bfc062723c751e8b465ee728b)
Start importing Assets/Tower Defense/Prefab/Defense.prefab using Guid(08eb66a9bd3d85b4880f5a32a462a46b) Importer(815301076,1909f56bfc062723c751e8b465ee728b)  -> (artifact id: 'a34f3af981aa98d28d0814c458edba1f') in 0.023116 seconds
  Import took 0.028240 seconds .

========================================================================
Received Prepare
Registering precompiled user dll's ...
Registered in 0.001841 seconds.
Begin MonoManager ReloadAssembly
Native extension for WindowsStandalone target not found
Refreshing native plugins compatible for Editor in 0.27 ms, found 0 plugins.
Preloading 0 native plugins for Editor in 0.00 ms.
Invoked RoslynAnalysisRunner static constructor.
RoslynAnalysisRunner will not be running.
RoslynAnalysisRunner has terminated.
Mono: successfully reloaded assembly
- Completed reload, in  1.262 seconds
Platform modules already initialized, skipping
Refreshing native plugins compatible for Editor in 0.59 ms, found 0 plugins.
Preloading 0 native plugins for Editor in 0.00 ms.
Unloading 1118 Unused Serialized files (Serialized files now loaded: 0)
System memory in use before: 73.0 MB.
System memory in use after: 73.1 MB.

Unloading 5 unused Assets to reduce memory usage. Loaded Objects now: 1639.
Total: 2.344100 ms (FindLiveObjects: 0.290400 ms CreateObjectMapping: 0.206200 ms MarkObjects: 1.822200 ms  DeleteObjects: 0.023400 ms)

========================================================================
Received Prepare
Registering precompiled user dll's ...
Registered in 0.002428 seconds.
Begin MonoManager ReloadAssembly
Native extension for WindowsStandalone target not found
Refreshing native plugins compatible for Editor in 0.26 ms, found 0 plugins.
Preloading 0 native plugins for Editor in 0.00 ms.
Invoked RoslynAnalysisRunner static constructor.
RoslynAnalysisRunner will not be running.
RoslynAnalysisRunner has terminated.
Mono: successfully reloaded assembly
- Completed reload, in  2.110 seconds
Platform modules already initialized, skipping
Refreshing native plugins compatible for Editor in 0.39 ms, found 0 plugins.
Preloading 0 native plugins for Editor in 0.00 ms.
Unloading 1118 Unused Serialized files (Serialized files now loaded: 0)
System memory in use before: 73.0 MB.
System memory in use after: 73.1 MB.

Unloading 4 unused Assets to reduce memory usage. Loaded Objects now: 1642.
Total: 2.349700 ms (FindLiveObjects: 0.403500 ms CreateObjectMapping: 0.133400 ms MarkObjects: 1.767300 ms  DeleteObjects: 0.042900 ms)

========================================================================
Received Prepare
Registering precompiled user dll's ...
Registered in 0.001996 seconds.
Begin MonoManager ReloadAssembly
Native extension for WindowsStandalone target not found
Refreshing native plugins compatible for Editor in 0.25 ms, found 0 plugins.
Preloading 0 native plugins for Editor in 0.00 ms.
Invoked RoslynAnalysisRunner static constructor.
RoslynAnalysisRunner will not be running.
RoslynAnalysisRunner has terminated.
Mono: successfully reloaded assembly
- Completed reload, in  1.319 seconds
Platform modules already initialized, skipping
Refreshing native plugins compatible for Editor in 0.71 ms, found 0 plugins.
Preloading 0 native plugins for Editor in 0.00 ms.
Unloading 1118 Unused Serialized files (Serialized files now loaded: 0)
System memory in use before: 73.0 MB.
System memory in use after: 73.1 MB.

Unloading 4 unused Assets to reduce memory usage. Loaded Objects now: 1645.
Total: 4.443600 ms (FindLiveObjects: 0.393600 ms CreateObjectMapping: 0.090400 ms MarkObjects: 3.935000 ms  DeleteObjects: 0.022000 ms)

========================================================================
Received Prepare
Registering precompiled user dll's ...
Registered in 0.002645 seconds.
Begin MonoManager ReloadAssembly
Native extension for WindowsStandalone target not found
Refreshing native plugins compatible for Editor in 0.25 ms, found 0 plugins.
Preloading 0 native plugins for Editor in 0.00 ms.
Invoked RoslynAnalysisRunner static constructor.
RoslynAnalysisRunner will not be running.
RoslynAnalysisRunner has terminated.
Mono: successfully reloaded assembly
- Completed reload, in  1.270 seconds
Platform modules already initialized, skipping
Refreshing native plugins compatible for Editor in 0.43 ms, found 0 plugins.
Preloading 0 native plugins for Editor in 0.00 ms.
Unloading 1118 Unused Serialized files (Serialized files now loaded: 0)
System memory in use before: 73.0 MB.
System memory in use after: 73.1 MB.

Unloading 4 unused Assets to reduce memory usage. Loaded Objects now: 1648.
Total: 2.192900 ms (FindLiveObjects: 0.165800 ms CreateObjectMapping: 0.049300 ms MarkObjects: 1.958900 ms  DeleteObjects: 0.017100 ms)

========================================================================
Received Prepare
Registering precompiled user dll's ...
Registered in 0.002041 seconds.
Begin MonoManager ReloadAssembly
Native extension for WindowsStandalone target not found
Refreshing native plugins compatible for Editor in 0.24 ms, found 0 plugins.
Preloading 0 native plugins for Editor in 0.00 ms.
Invoked RoslynAnalysisRunner static constructor.
RoslynAnalysisRunner will not be running.
RoslynAnalysisRunner has terminated.
Mono: successfully reloaded assembly
- Completed reload, in  1.265 seconds
Platform modules already initialized, skipping
Refreshing native plugins compatible for Editor in 0.44 ms, found 0 plugins.
Preloading 0 native plugins for Editor in 0.00 ms.
Unloading 1118 Unused Serialized files (Serialized files now loaded: 0)
System memory in use before: 73.0 MB.
System memory in use after: 73.1 MB.

Unloading 4 unused Assets to reduce memory usage. Loaded Objects now: 1651.
Total: 2.037500 ms (FindLiveObjects: 0.164900 ms CreateObjectMapping: 0.047400 ms MarkObjects: 1.806000 ms  DeleteObjects: 0.018000 ms)

========================================================================
Received Import Request.
  Time since last request: 669.171843 seconds.
  path: Assets/Tower Defense/Prefab/BigBadGuy.prefab
  artifactKey: Guid(8e9ae34d3087e254ba136ebc1837315c) Importer(815301076,1909f56bfc062723c751e8b465ee728b)
Start importing Assets/Tower Defense/Prefab/BigBadGuy.prefab using Guid(8e9ae34d3087e254ba136ebc1837315c) Importer(815301076,1909f56bfc062723c751e8b465ee728b)  -> (artifact id: '6c2200898c757396e9c2284499e5cfe0') in 0.093455 seconds
  Import took 0.098429 seconds .

========================================================================
Received Import Request.
  Time since last request: 0.000342 seconds.
  path: Assets/Tower Defense/Prefab/Defense.prefab
  artifactKey: Guid(08eb66a9bd3d85b4880f5a32a462a46b) Importer(815301076,1909f56bfc062723c751e8b465ee728b)
Start importing Assets/Tower Defense/Prefab/Defense.prefab using Guid(08eb66a9bd3d85b4880f5a32a462a46b) Importer(815301076,1909f56bfc062723c751e8b465ee728b)  -> (artifact id: 'd3d1f7d3a4b48a0b98355f365ff9ac85') in 0.027079 seconds
  Import took 0.031037 seconds .

========================================================================
Received Import Request.
  Time since last request: 0.000365 seconds.
  path: Assets/Tower Defense/Prefab/SmallBadGuy.prefab
  artifactKey: Guid(930fa4151fffb3d488d1d0b00b4691ab) Importer(815301076,1909f56bfc062723c751e8b465ee728b)
Start importing Assets/Tower Defense/Prefab/SmallBadGuy.prefab using Guid(930fa4151fffb3d488d1d0b00b4691ab) Importer(815301076,1909f56bfc062723c751e8b465ee728b)  -> (artifact id: '4e41dfd338274ebb9a1a3eda04be7ece') in 0.030145 seconds
  Import took 0.034784 seconds .

========================================================================
Received Prepare
Registering precompiled user dll's ...
Registered in 0.002119 seconds.
Begin MonoManager ReloadAssembly
Native extension for WindowsStandalone target not found
Refreshing native plugins compatible for Editor in 0.30 ms, found 0 plugins.
Preloading 0 native plugins for Editor in 0.00 ms.
Invoked RoslynAnalysisRunner static constructor.
RoslynAnalysisRunner will not be running.
RoslynAnalysisRunner has terminated.
Mono: successfully reloaded assembly
- Completed reload, in  1.327 seconds
Platform modules already initialized, skipping
Refreshing native plugins compatible for Editor in 0.45 ms, found 0 plugins.
Preloading 0 native plugins for Editor in 0.00 ms.
Unloading 1118 Unused Serialized files (Serialized files now loaded: 0)
System memory in use before: 73.0 MB.
System memory in use after: 73.1 MB.

Unloading 5 unused Assets to reduce memory usage. Loaded Objects now: 1655.
Total: 1.906900 ms (FindLiveObjects: 0.164700 ms CreateObjectMapping: 0.053600 ms MarkObjects: 1.664500 ms  DeleteObjects: 0.022600 ms)

========================================================================
Received Import Request.
  Time since last request: 20.533788 seconds.
  path: Assets/Tower Defense/Prefab/Defense.prefab
  artifactKey: Guid(08eb66a9bd3d85b4880f5a32a462a46b) Importer(815301076,1909f56bfc062723c751e8b465ee728b)
Start importing Assets/Tower Defense/Prefab/Defense.prefab using Guid(08eb66a9bd3d85b4880f5a32a462a46b) Importer(815301076,1909f56bfc062723c751e8b465ee728b)  -> (artifact id: 'fe373efc1469f766caa0c3f8c3f93b4c') in 0.079715 seconds
  Import took 0.086110 seconds .

========================================================================
Received Import Request.
  Time since last request: 12.354131 seconds.
  path: Assets/Tower Defense/Prefab/Defense.prefab
  artifactKey: Guid(08eb66a9bd3d85b4880f5a32a462a46b) Importer(815301076,1909f56bfc062723c751e8b465ee728b)
Start importing Assets/Tower Defense/Prefab/Defense.prefab using Guid(08eb66a9bd3d85b4880f5a32a462a46b) Importer(815301076,1909f56bfc062723c751e8b465ee728b)  -> (artifact id: '9af9e4d2951c19f0ffaaa91a6cf7044d') in 0.025073 seconds
  Import took 0.030699 seconds .

========================================================================
Received Import Request.
  Time since last request: 12.590895 seconds.
  path: Assets/Tower Defense/Prefab/Defense.prefab
  artifactKey: Guid(08eb66a9bd3d85b4880f5a32a462a46b) Importer(815301076,1909f56bfc062723c751e8b465ee728b)
Start importing Assets/Tower Defense/Prefab/Defense.prefab using Guid(08eb66a9bd3d85b4880f5a32a462a46b) Importer(815301076,1909f56bfc062723c751e8b465ee728b)  -> (artifact id: 'f5df742974f36373b97528e2cb9a7eb1') in 0.022475 seconds
  Import took 0.028035 seconds .

========================================================================
Received Import Request.
  Time since last request: 5.339054 seconds.
  path: Assets/Tower Defense/Prefab/Defense.prefab
  artifactKey: Guid(08eb66a9bd3d85b4880f5a32a462a46b) Importer(815301076,1909f56bfc062723c751e8b465ee728b)
Start importing Assets/Tower Defense/Prefab/Defense.prefab using Guid(08eb66a9bd3d85b4880f5a32a462a46b) Importer(815301076,1909f56bfc062723c751e8b465ee728b)  -> (artifact id: 'bf535192d37be87a495512af27da9880') in 0.023652 seconds
  Import took 0.027714 seconds .

========================================================================
Received Import Request.
  Time since last request: 11.861773 seconds.
  path: Assets/Tower Defense/Prefab/Defense.prefab
  artifactKey: Guid(08eb66a9bd3d85b4880f5a32a462a46b) Importer(815301076,1909f56bfc062723c751e8b465ee728b)
Start importing Assets/Tower Defense/Prefab/Defense.prefab using Guid(08eb66a9bd3d85b4880f5a32a462a46b) Importer(815301076,1909f56bfc062723c751e8b465ee728b)  -> (artifact id: 'ec5fe3713c956bb6926cb0eec8800d30') in 0.025736 seconds
  Import took 0.031024 seconds .

========================================================================
Received Import Request.
  Time since last request: 10.164725 seconds.
  path: Assets/Tower Defense/Prefab/Defense.prefab
  artifactKey: Guid(08eb66a9bd3d85b4880f5a32a462a46b) Importer(815301076,1909f56bfc062723c751e8b465ee728b)
Start importing Assets/Tower Defense/Prefab/Defense.prefab using Guid(08eb66a9bd3d85b4880f5a32a462a46b) Importer(815301076,1909f56bfc062723c751e8b465ee728b)  -> (artifact id: 'ddfc672dc3e3bf00a8646ac719478862') in 0.024041 seconds
  Import took 0.029797 seconds .

========================================================================
Received Prepare
Registering precompiled user dll's ...
Registered in 0.002320 seconds.
Begin MonoManager ReloadAssembly
Native extension for WindowsStandalone target not found
Refreshing native plugins compatible for Editor in 0.26 ms, found 0 plugins.
Preloading 0 native plugins for Editor in 0.00 ms.
Invoked RoslynAnalysisRunner static constructor.
RoslynAnalysisRunner will not be running.
RoslynAnalysisRunner has terminated.
Mono: successfully reloaded assembly
- Completed reload, in  2.004 seconds
Platform modules already initialized, skipping
Refreshing native plugins compatible for Editor in 0.42 ms, found 0 plugins.
Preloading 0 native plugins for Editor in 0.00 ms.
Unloading 1118 Unused Serialized files (Serialized files now loaded: 0)
System memory in use before: 73.1 MB.
System memory in use after: 73.2 MB.

Unloading 5 unused Assets to reduce memory usage. Loaded Objects now: 1659.
Total: 4.312200 ms (FindLiveObjects: 0.525400 ms CreateObjectMapping: 0.245600 ms MarkObjects: 3.500600 ms  DeleteObjects: 0.038000 ms)

========================================================================
Received Import Request.
  Time since last request: 180.990222 seconds.
  path: Assets/Tower Defense/Prefab/Defense.prefab
  artifactKey: Guid(08eb66a9bd3d85b4880f5a32a462a46b) Importer(815301076,1909f56bfc062723c751e8b465ee728b)
Start importing Assets/Tower Defense/Prefab/Defense.prefab using Guid(08eb66a9bd3d85b4880f5a32a462a46b) Importer(815301076,1909f56bfc062723c751e8b465ee728b)  -> (artifact id: 'c898f56efcd83add1a33057a36345b12') in 0.145179 seconds
  Import took 0.151239 seconds .

========================================================================
Received Import Request.
  Time since last request: 102.787658 seconds.
  path: Assets/Tower Defense/Prefab/Defense.prefab
  artifactKey: Guid(08eb66a9bd3d85b4880f5a32a462a46b) Importer(815301076,1909f56bfc062723c751e8b465ee728b)
Start importing Assets/Tower Defense/Prefab/Defense.prefab using Guid(08eb66a9bd3d85b4880f5a32a462a46b) Importer(815301076,1909f56bfc062723c751e8b465ee728b)  -> (artifact id: 'f591e1091b1f514ff6af7f648fdb29e3') in 0.025767 seconds
  Import took 0.030679 seconds .

========================================================================
Received Import Request.
  Time since last request: 21.224193 seconds.
  path: Assets/Tower Defense/Prefab/Defense.prefab
  artifactKey: Guid(08eb66a9bd3d85b4880f5a32a462a46b) Importer(815301076,1909f56bfc062723c751e8b465ee728b)
Start importing Assets/Tower Defense/Prefab/Defense.prefab using Guid(08eb66a9bd3d85b4880f5a32a462a46b) Importer(815301076,1909f56bfc062723c751e8b465ee728b)  -> (artifact id: '4af439c984df9815b1e675782b868d0d') in 0.025398 seconds
  Import took 0.031662 seconds .

========================================================================
Received Import Request.
  Time since last request: 5.878487 seconds.
  path: Assets/Tower Defense/Prefab/Defense.prefab
  artifactKey: Guid(08eb66a9bd3d85b4880f5a32a462a46b) Importer(815301076,1909f56bfc062723c751e8b465ee728b)
Start importing Assets/Tower Defense/Prefab/Defense.prefab using Guid(08eb66a9bd3d85b4880f5a32a462a46b) Importer(815301076,1909f56bfc062723c751e8b465ee728b)  -> (artifact id: '10a5cd68a757d755f323cd59d826084b') in 0.024044 seconds
  Import took 0.028724 seconds .

========================================================================
Received Import Request.
  Time since last request: 0.984421 seconds.
  path: Assets/Tower Defense/Prefab/Defense.prefab
  artifactKey: Guid(08eb66a9bd3d85b4880f5a32a462a46b) Importer(815301076,1909f56bfc062723c751e8b465ee728b)
Start importing Assets/Tower Defense/Prefab/Defense.prefab using Guid(08eb66a9bd3d85b4880f5a32a462a46b) Importer(815301076,1909f56bfc062723c751e8b465ee728b)  -> (artifact id: '88103a7e4545f40a7dac9bc56a01a669') in 0.031007 seconds
  Import took 0.038133 seconds .

========================================================================
Received Import Request.
  Time since last request: 0.573022 seconds.
  path: Assets/Tower Defense/Prefab/Defense.prefab
  artifactKey: Guid(08eb66a9bd3d85b4880f5a32a462a46b) Importer(815301076,1909f56bfc062723c751e8b465ee728b)
Start importing Assets/Tower Defense/Prefab/Defense.prefab using Guid(08eb66a9bd3d85b4880f5a32a462a46b) Importer(815301076,1909f56bfc062723c751e8b465ee728b)  -> (artifact id: 'a805c68e870d3abb14e5d920636b39cc') in 0.024064 seconds
  Import took 0.029032 seconds .

========================================================================
Received Import Request.
  Time since last request: 2.234640 seconds.
  path: Assets/Tower Defense/Prefab/Defense.prefab
  artifactKey: Guid(08eb66a9bd3d85b4880f5a32a462a46b) Importer(815301076,1909f56bfc062723c751e8b465ee728b)
Start importing Assets/Tower Defense/Prefab/Defense.prefab using Guid(08eb66a9bd3d85b4880f5a32a462a46b) Importer(815301076,1909f56bfc062723c751e8b465ee728b)  -> (artifact id: '6c4ca8f2f0827ee85274fcbf5fbbc549') in 0.024587 seconds
  Import took 0.028641 seconds .

========================================================================
Received Import Request.
  Time since last request: 0.753365 seconds.
  path: Assets/Tower Defense/Prefab/Defense.prefab
  artifactKey: Guid(08eb66a9bd3d85b4880f5a32a462a46b) Importer(815301076,1909f56bfc062723c751e8b465ee728b)
Start importing Assets/Tower Defense/Prefab/Defense.prefab using Guid(08eb66a9bd3d85b4880f5a32a462a46b) Importer(815301076,1909f56bfc062723c751e8b465ee728b)  -> (artifact id: 'bbba07912664b15f4619009c453940ea') in 0.023521 seconds
  Import took 0.029761 seconds .

========================================================================
Received Import Request.
  Time since last request: 0.592767 seconds.
  path: Assets/Tower Defense/Prefab/Defense.prefab
  artifactKey: Guid(08eb66a9bd3d85b4880f5a32a462a46b) Importer(815301076,1909f56bfc062723c751e8b465ee728b)
Start importing Assets/Tower Defense/Prefab/Defense.prefab using Guid(08eb66a9bd3d85b4880f5a32a462a46b) Importer(815301076,1909f56bfc062723c751e8b465ee728b)  -> (artifact id: '1d4ef002a4a697f41405a753e3ad5dac') in 0.022971 seconds
  Import took 0.028226 seconds .

========================================================================
Received Import Request.
  Time since last request: 9.633220 seconds.
  path: Assets/Tower Defense/Prefab/Defense.prefab
  artifactKey: Guid(08eb66a9bd3d85b4880f5a32a462a46b) Importer(815301076,1909f56bfc062723c751e8b465ee728b)
Start importing Assets/Tower Defense/Prefab/Defense.prefab using Guid(08eb66a9bd3d85b4880f5a32a462a46b) Importer(815301076,1909f56bfc062723c751e8b465ee728b)  -> (artifact id: '536dae1a42b363506358ec9393ec5ac4') in 0.025289 seconds
  Import took 0.028897 seconds .

========================================================================
Received Prepare
Registering precompiled user dll's ...
Registered in 0.004268 seconds.
Begin MonoManager ReloadAssembly
Native extension for WindowsStandalone target not found
Refreshing native plugins compatible for Editor in 0.26 ms, found 0 plugins.
Preloading 0 native plugins for Editor in 0.00 ms.
Invoked RoslynAnalysisRunner static constructor.
RoslynAnalysisRunner will not be running.
RoslynAnalysisRunner has terminated.
Mono: successfully reloaded assembly
- Completed reload, in  1.257 seconds
Platform modules already initialized, skipping
Refreshing native plugins compatible for Editor in 0.44 ms, found 0 plugins.
Preloading 0 native plugins for Editor in 0.00 ms.
Unloading 1118 Unused Serialized files (Serialized files now loaded: 0)
System memory in use before: 73.1 MB.
System memory in use after: 73.2 MB.

Unloading 5 unused Assets to reduce memory usage. Loaded Objects now: 1663.
Total: 2.405100 ms (FindLiveObjects: 0.257800 ms CreateObjectMapping: 0.066900 ms MarkObjects: 2.054400 ms  DeleteObjects: 0.023400 ms)

========================================================================
Received Prepare
Registering precompiled user dll's ...
Registered in 0.001769 seconds.
Begin MonoManager ReloadAssembly
Native extension for WindowsStandalone target not found
Refreshing native plugins compatible for Editor in 0.46 ms, found 0 plugins.
Preloading 0 native plugins for Editor in 0.00 ms.
Invoked RoslynAnalysisRunner static constructor.
RoslynAnalysisRunner will not be running.
RoslynAnalysisRunner has terminated.
Mono: successfully reloaded assembly
- Completed reload, in  1.507 seconds
Platform modules already initialized, skipping
Refreshing native plugins compatible for Editor in 0.44 ms, found 0 plugins.
Preloading 0 native plugins for Editor in 0.00 ms.
Unloading 1118 Unused Serialized files (Serialized files now loaded: 0)
System memory in use before: 73.1 MB.
System memory in use after: 73.2 MB.

Unloading 4 unused Assets to reduce memory usage. Loaded Objects now: 1666.
Total: 1.934600 ms (FindLiveObjects: 0.174800 ms CreateObjectMapping: 0.103800 ms MarkObjects: 1.636700 ms  DeleteObjects: 0.017700 ms)

========================================================================
Received Prepare
Registering precompiled user dll's ...
Registered in 0.002112 seconds.
Begin MonoManager ReloadAssembly
Native extension for WindowsStandalone target not found
Refreshing native plugins compatible for Editor in 0.24 ms, found 0 plugins.
Preloading 0 native plugins for Editor in 0.00 ms.
Invoked RoslynAnalysisRunner static constructor.
RoslynAnalysisRunner will not be running.
RoslynAnalysisRunner has terminated.
Mono: successfully reloaded assembly
- Completed reload, in  1.326 seconds
Platform modules already initialized, skipping
Refreshing native plugins compatible for Editor in 0.45 ms, found 0 plugins.
Preloading 0 native plugins for Editor in 0.00 ms.
Unloading 1118 Unused Serialized files (Serialized files now loaded: 0)
System memory in use before: 73.1 MB.
System memory in use after: 73.2 MB.

Unloading 4 unused Assets to reduce memory usage. Loaded Objects now: 1669.
Total: 4.158500 ms (FindLiveObjects: 0.211300 ms CreateObjectMapping: 0.068500 ms MarkObjects: 3.834000 ms  DeleteObjects: 0.042600 ms)

========================================================================
Received Prepare
Registering precompiled user dll's ...
Registered in 0.002170 seconds.
Begin MonoManager ReloadAssembly
Native extension for WindowsStandalone target not found
Refreshing native plugins compatible for Editor in 0.24 ms, found 0 plugins.
Preloading 0 native plugins for Editor in 0.00 ms.
Invoked RoslynAnalysisRunner static constructor.
RoslynAnalysisRunner will not be running.
RoslynAnalysisRunner has terminated.
Mono: successfully reloaded assembly
- Completed reload, in  1.202 seconds
Platform modules already initialized, skipping
Refreshing native plugins compatible for Editor in 0.44 ms, found 0 plugins.
Preloading 0 native plugins for Editor in 0.00 ms.
Unloading 1118 Unused Serialized files (Serialized files now loaded: 0)
System memory in use before: 73.1 MB.
System memory in use after: 73.2 MB.

Unloading 4 unused Assets to reduce memory usage. Loaded Objects now: 1672.
Total: 1.819200 ms (FindLiveObjects: 0.170300 ms CreateObjectMapping: 0.046200 ms MarkObjects: 1.585400 ms  DeleteObjects: 0.016100 ms)

========================================================================
Received Import Request.
  Time since last request: 223.815125 seconds.
  path: Assets/Tower Defense/Prefab/Defense.prefab
  artifactKey: Guid(08eb66a9bd3d85b4880f5a32a462a46b) Importer(815301076,1909f56bfc062723c751e8b465ee728b)
Start importing Assets/Tower Defense/Prefab/Defense.prefab using Guid(08eb66a9bd3d85b4880f5a32a462a46b) Importer(815301076,1909f56bfc062723c751e8b465ee728b)  -> (artifact id: 'bfa2b76307736e2e3189ecd061488e0f') in 0.078081 seconds
  Import took 0.081439 seconds .

========================================================================
Received Import Request.
  Time since last request: 4.608707 seconds.
  path: Assets/Tower Defense/Prefab/Defense.prefab
  artifactKey: Guid(08eb66a9bd3d85b4880f5a32a462a46b) Importer(815301076,1909f56bfc062723c751e8b465ee728b)
Start importing Assets/Tower Defense/Prefab/Defense.prefab using Guid(08eb66a9bd3d85b4880f5a32a462a46b) Importer(815301076,1909f56bfc062723c751e8b465ee728b)  -> (artifact id: '14a2e1bde48240dd05f1fed22769cc3b') in 0.021685 seconds
  Import took 0.025580 seconds .

========================================================================
Received Prepare
Registering precompiled user dll's ...
Registered in 0.002240 seconds.
Begin MonoManager ReloadAssembly
Native extension for WindowsStandalone target not found
Refreshing native plugins compatible for Editor in 0.26 ms, found 0 plugins.
Preloading 0 native plugins for Editor in 0.00 ms.
Invoked RoslynAnalysisRunner static constructor.
RoslynAnalysisRunner will not be running.
RoslynAnalysisRunner has terminated.
Mono: successfully reloaded assembly
- Completed reload, in  1.283 seconds
Platform modules already initialized, skipping
Refreshing native plugins compatible for Editor in 0.44 ms, found 0 plugins.
Preloading 0 native plugins for Editor in 0.00 ms.
Unloading 1118 Unused Serialized files (Serialized files now loaded: 0)
System memory in use before: 73.1 MB.
System memory in use after: 73.2 MB.

Unloading 5 unused Assets to reduce memory usage. Loaded Objects now: 1676.
Total: 1.944600 ms (FindLiveObjects: 0.211200 ms CreateObjectMapping: 0.117600 ms MarkObjects: 1.591000 ms  DeleteObjects: 0.023000 ms)

========================================================================
Received Import Request.
  Time since last request: 153.856131 seconds.
  path: Assets/Tower Defense/Prefab/Defense.prefab
  artifactKey: Guid(08eb66a9bd3d85b4880f5a32a462a46b) Importer(815301076,1909f56bfc062723c751e8b465ee728b)
Start importing Assets/Tower Defense/Prefab/Defense.prefab using Guid(08eb66a9bd3d85b4880f5a32a462a46b) Importer(815301076,1909f56bfc062723c751e8b465ee728b)  -> (artifact id: '6f50c27c719372dd05217f188e44f822') in 0.105411 seconds
  Import took 0.109901 seconds .

========================================================================
Received Prepare
Registering precompiled user dll's ...
Registered in 0.002686 seconds.
Begin MonoManager ReloadAssembly
Native extension for WindowsStandalone target not found
Refreshing native plugins compatible for Editor in 0.24 ms, found 0 plugins.
Preloading 0 native plugins for Editor in 0.00 ms.
Invoked RoslynAnalysisRunner static constructor.
RoslynAnalysisRunner will not be running.
RoslynAnalysisRunner has terminated.
Mono: successfully reloaded assembly
- Completed reload, in  1.306 seconds
Platform modules already initialized, skipping
Refreshing native plugins compatible for Editor in 0.46 ms, found 0 plugins.
Preloading 0 native plugins for Editor in 0.00 ms.
Unloading 1118 Unused Serialized files (Serialized files now loaded: 0)
System memory in use before: 73.1 MB.
System memory in use after: 73.2 MB.

Unloading 5 unused Assets to reduce memory usage. Loaded Objects now: 1680.
Total: 1.815800 ms (FindLiveObjects: 0.156100 ms CreateObjectMapping: 0.040800 ms MarkObjects: 1.593600 ms  DeleteObjects: 0.023300 ms)

========================================================================
Received Import Request.
  Time since last request: 246.121086 seconds.
  path: Assets/Tower Defense/Prefab/Defense.prefab
  artifactKey: Guid(08eb66a9bd3d85b4880f5a32a462a46b) Importer(815301076,1909f56bfc062723c751e8b465ee728b)
Start importing Assets/Tower Defense/Prefab/Defense.prefab using Guid(08eb66a9bd3d85b4880f5a32a462a46b) Importer(815301076,1909f56bfc062723c751e8b465ee728b)  -> (artifact id: '5123770bec6f7cd19d8001ac1fc3e052') in 0.079383 seconds
  Import took 0.082697 seconds .

========================================================================
Received Import Request.
  Time since last request: 10.165422 seconds.
  path: Assets/Tower Defense/Prefab/Defense.prefab
  artifactKey: Guid(08eb66a9bd3d85b4880f5a32a462a46b) Importer(815301076,1909f56bfc062723c751e8b465ee728b)
Start importing Assets/Tower Defense/Prefab/Defense.prefab using Guid(08eb66a9bd3d85b4880f5a32a462a46b) Importer(815301076,1909f56bfc062723c751e8b465ee728b)  -> (artifact id: '2d553d0adf60d8effbf8315a495ab808') in 0.025779 seconds
  Import took 0.030577 seconds .

========================================================================
Received Import Request.
  Time since last request: 0.777041 seconds.
  path: Assets/Tower Defense/Prefab/Defense.prefab
  artifactKey: Guid(08eb66a9bd3d85b4880f5a32a462a46b) Importer(815301076,1909f56bfc062723c751e8b465ee728b)
Start importing Assets/Tower Defense/Prefab/Defense.prefab using Guid(08eb66a9bd3d85b4880f5a32a462a46b) Importer(815301076,1909f56bfc062723c751e8b465ee728b)  -> (artifact id: 'caace413b10d25cfc1f57fcfd003e86b') in 0.024352 seconds
  Import took 0.030330 seconds .

========================================================================
Received Prepare
Registering precompiled user dll's ...
Registered in 0.002413 seconds.
Begin MonoManager ReloadAssembly
Native extension for WindowsStandalone target not found
Refreshing native plugins compatible for Editor in 0.25 ms, found 0 plugins.
Preloading 0 native plugins for Editor in 0.00 ms.
Invoked RoslynAnalysisRunner static constructor.
RoslynAnalysisRunner will not be running.
RoslynAnalysisRunner has terminated.
Mono: successfully reloaded assembly
- Completed reload, in  1.351 seconds
Platform modules already initialized, skipping
Refreshing native plugins compatible for Editor in 0.39 ms, found 0 plugins.
Preloading 0 native plugins for Editor in 0.00 ms.
Unloading 1118 Unused Serialized files (Serialized files now loaded: 0)
System memory in use before: 73.1 MB.
System memory in use after: 73.2 MB.

Unloading 5 unused Assets to reduce memory usage. Loaded Objects now: 1684.
Total: 1.739300 ms (FindLiveObjects: 0.164400 ms CreateObjectMapping: 0.041100 ms MarkObjects: 1.511400 ms  DeleteObjects: 0.021400 ms)

========================================================================
Received Import Request.
  Time since last request: 14.268794 seconds.
  path: Assets/Tower Defense/Prefab/Defense.prefab
  artifactKey: Guid(08eb66a9bd3d85b4880f5a32a462a46b) Importer(815301076,1909f56bfc062723c751e8b465ee728b)
Start importing Assets/Tower Defense/Prefab/Defense.prefab using Guid(08eb66a9bd3d85b4880f5a32a462a46b) Importer(815301076,1909f56bfc062723c751e8b465ee728b)  -> (artifact id: 'd17f0b52847eaa6a75aac768062ad22f') in 0.105653 seconds
  Import took 0.113175 seconds .

========================================================================
Received Import Request.
  Time since last request: 0.444125 seconds.
  path: Assets/Tower Defense/Prefab/Defense.prefab
  artifactKey: Guid(08eb66a9bd3d85b4880f5a32a462a46b) Importer(815301076,1909f56bfc062723c751e8b465ee728b)
Start importing Assets/Tower Defense/Prefab/Defense.prefab using Guid(08eb66a9bd3d85b4880f5a32a462a46b) Importer(815301076,1909f56bfc062723c751e8b465ee728b)  -> (artifact id: '17577586ae9aa5a87ec4c8c12ceaa9bd') in 0.024858 seconds
  Import took 0.029706 seconds .

========================================================================
Received Prepare
Registering precompiled user dll's ...
Registered in 0.001890 seconds.
Begin MonoManager ReloadAssembly
Native extension for WindowsStandalone target not found
Refreshing native plugins compatible for Editor in 0.25 ms, found 0 plugins.
Preloading 0 native plugins for Editor in 0.00 ms.
Invoked RoslynAnalysisRunner static constructor.
RoslynAnalysisRunner will not be running.
RoslynAnalysisRunner has terminated.
Mono: successfully reloaded assembly
- Completed reload, in  1.350 seconds
Platform modules already initialized, skipping
Refreshing native plugins compatible for Editor in 0.76 ms, found 0 plugins.
Preloading 0 native plugins for Editor in 0.00 ms.
Unloading 1118 Unused Serialized files (Serialized files now loaded: 0)
System memory in use before: 73.2 MB.
System memory in use after: 73.2 MB.

Unloading 5 unused Assets to reduce memory usage. Loaded Objects now: 1688.
Total: 2.622200 ms (FindLiveObjects: 0.170400 ms CreateObjectMapping: 0.048100 ms MarkObjects: 2.371400 ms  DeleteObjects: 0.030500 ms)

========================================================================
Received Import Request.
  Time since last request: 51.077233 seconds.
  path: Assets/Tower Defense/Prefab/Defense.prefab
  artifactKey: Guid(08eb66a9bd3d85b4880f5a32a462a46b) Importer(815301076,1909f56bfc062723c751e8b465ee728b)
Start importing Assets/Tower Defense/Prefab/Defense.prefab using Guid(08eb66a9bd3d85b4880f5a32a462a46b) Importer(815301076,1909f56bfc062723c751e8b465ee728b)  -> (artifact id: '4bba680e518251d358164bf816263594') in 0.113241 seconds
  Import took 0.116586 seconds .

========================================================================
Received Prepare
Registering precompiled user dll's ...
Registered in 0.003933 seconds.
Begin MonoManager ReloadAssembly
Native extension for WindowsStandalone target not found
Refreshing native plugins compatible for Editor in 0.23 ms, found 0 plugins.
Preloading 0 native plugins for Editor in 0.00 ms.
Invoked RoslynAnalysisRunner static constructor.
RoslynAnalysisRunner will not be running.
RoslynAnalysisRunner has terminated.
Mono: successfully reloaded assembly
- Completed reload, in  1.270 seconds
Platform modules already initialized, skipping
Refreshing native plugins compatible for Editor in 0.39 ms, found 0 plugins.
Preloading 0 native plugins for Editor in 0.00 ms.
Unloading 1118 Unused Serialized files (Serialized files now loaded: 0)
System memory in use before: 73.2 MB.
System memory in use after: 73.3 MB.

Unloading 5 unused Assets to reduce memory usage. Loaded Objects now: 1692.
Total: 1.950400 ms (FindLiveObjects: 0.227300 ms CreateObjectMapping: 0.083100 ms MarkObjects: 1.613900 ms  DeleteObjects: 0.024000 ms)

========================================================================
Received Import Request.
  Time since last request: 22.414654 seconds.
  path: Assets/Tower Defense/Prefab/Defense.prefab
  artifactKey: Guid(08eb66a9bd3d85b4880f5a32a462a46b) Importer(815301076,1909f56bfc062723c751e8b465ee728b)
Start importing Assets/Tower Defense/Prefab/Defense.prefab using Guid(08eb66a9bd3d85b4880f5a32a462a46b) Importer(815301076,1909f56bfc062723c751e8b465ee728b)  -> (artifact id: '3d02b60487531deae947a2e08de7f8fe') in 0.089987 seconds
  Import took 0.096414 seconds .

========================================================================
Received Import Request.
  Time since last request: 2.174854 seconds.
  path: Assets/Tower Defense/Prefab/Defense.prefab
  artifactKey: Guid(08eb66a9bd3d85b4880f5a32a462a46b) Importer(815301076,1909f56bfc062723c751e8b465ee728b)
Start importing Assets/Tower Defense/Prefab/Defense.prefab using Guid(08eb66a9bd3d85b4880f5a32a462a46b) Importer(815301076,1909f56bfc062723c751e8b465ee728b)  -> (artifact id: '3d02b60487531deae947a2e08de7f8fe') in 0.021614 seconds
  Import took 0.025667 seconds .

========================================================================
Received Prepare
Registering precompiled user dll's ...
Registered in 0.002903 seconds.
Begin MonoManager ReloadAssembly
Native extension for WindowsStandalone target not found
Refreshing native plugins compatible for Editor in 0.26 ms, found 0 plugins.
Preloading 0 native plugins for Editor in 0.00 ms.
Invoked RoslynAnalysisRunner static constructor.
RoslynAnalysisRunner will not be running.
RoslynAnalysisRunner has terminated.
Mono: successfully reloaded assembly
- Completed reload, in  1.317 seconds
Platform modules already initialized, skipping
Refreshing native plugins compatible for Editor in 0.42 ms, found 0 plugins.
Preloading 0 native plugins for Editor in 0.00 ms.
Unloading 1118 Unused Serialized files (Serialized files now loaded: 0)
System memory in use before: 73.2 MB.
System memory in use after: 73.3 MB.

Unloading 5 unused Assets to reduce memory usage. Loaded Objects now: 1696.
Total: 1.959200 ms (FindLiveObjects: 0.171300 ms CreateObjectMapping: 0.048800 ms MarkObjects: 1.715200 ms  DeleteObjects: 0.022200 ms)

========================================================================
Received Import Request.
  Time since last request: 107.409289 seconds.
  path: Assets/Tower Defense/Prefab/Defense.prefab
  artifactKey: Guid(08eb66a9bd3d85b4880f5a32a462a46b) Importer(815301076,1909f56bfc062723c751e8b465ee728b)
Start importing Assets/Tower Defense/Prefab/Defense.prefab using Guid(08eb66a9bd3d85b4880f5a32a462a46b) Importer(815301076,1909f56bfc062723c751e8b465ee728b)  -> (artifact id: '3d920e2f25e5fba9c97f387ef35d8a52') in 0.091357 seconds
  Import took 0.094570 seconds .

========================================================================
Received Import Request.
  Time since last request: 7.363703 seconds.
  path: Assets/Tower Defense/Prefab/Defense.prefab
  artifactKey: Guid(08eb66a9bd3d85b4880f5a32a462a46b) Importer(815301076,1909f56bfc062723c751e8b465ee728b)
Start importing Assets/Tower Defense/Prefab/Defense.prefab using Guid(08eb66a9bd3d85b4880f5a32a462a46b) Importer(815301076,1909f56bfc062723c751e8b465ee728b)  -> (artifact id: 'a3ce88b2bcea752169f187319e1b59e7') in 0.023150 seconds
  Import took 0.026822 seconds .

========================================================================
Received Prepare
Registering precompiled user dll's ...
Registered in 0.002746 seconds.
Begin MonoManager ReloadAssembly
Native extension for WindowsStandalone target not found
Refreshing native plugins compatible for Editor in 0.28 ms, found 0 plugins.
Preloading 0 native plugins for Editor in 0.00 ms.
Invoked RoslynAnalysisRunner static constructor.
RoslynAnalysisRunner will not be running.
RoslynAnalysisRunner has terminated.
Mono: successfully reloaded assembly
- Completed reload, in  1.337 seconds
Platform modules already initialized, skipping
Refreshing native plugins compatible for Editor in 0.96 ms, found 0 plugins.
Preloading 0 native plugins for Editor in 0.00 ms.
Unloading 1118 Unused Serialized files (Serialized files now loaded: 0)
System memory in use before: 73.2 MB.
System memory in use after: 73.3 MB.

Unloading 5 unused Assets to reduce memory usage. Loaded Objects now: 1700.
Total: 1.904600 ms (FindLiveObjects: 0.157900 ms CreateObjectMapping: 0.042300 ms MarkObjects: 1.680100 ms  DeleteObjects: 0.022800 ms)

========================================================================
Received Import Request.
  Time since last request: 102.532969 seconds.
  path: Assets/Tower Defense/Prefab/Defense.prefab
  artifactKey: Guid(08eb66a9bd3d85b4880f5a32a462a46b) Importer(815301076,1909f56bfc062723c751e8b465ee728b)
Start importing Assets/Tower Defense/Prefab/Defense.prefab using Guid(08eb66a9bd3d85b4880f5a32a462a46b) Importer(815301076,1909f56bfc062723c751e8b465ee728b)  -> (artifact id: 'e13d3b84506a80acfc5e0e991cae500b') in 0.084392 seconds
  Import took 0.089377 seconds .

========================================================================
Received Import Request.
  Time since last request: 19.159024 seconds.
  path: Assets/Tower Defense/Prefab/Defense.prefab
  artifactKey: Guid(08eb66a9bd3d85b4880f5a32a462a46b) Importer(815301076,1909f56bfc062723c751e8b465ee728b)
Start importing Assets/Tower Defense/Prefab/Defense.prefab using Guid(08eb66a9bd3d85b4880f5a32a462a46b) Importer(815301076,1909f56bfc062723c751e8b465ee728b)  -> (artifact id: '77717502fb4306d754565760e4b26dd0') in 0.028068 seconds
  Import took 0.032170 seconds .

========================================================================
Received Import Request.
  Time since last request: 9.453791 seconds.
  path: Assets/Tower Defense/Prefab/Defense.prefab
  artifactKey: Guid(08eb66a9bd3d85b4880f5a32a462a46b) Importer(815301076,1909f56bfc062723c751e8b465ee728b)
Start importing Assets/Tower Defense/Prefab/Defense.prefab using Guid(08eb66a9bd3d85b4880f5a32a462a46b) Importer(815301076,1909f56bfc062723c751e8b465ee728b)  -> (artifact id: 'dbc0803c1d307942e3d89e7d8712def8') in 0.023617 seconds
  Import took 0.028434 seconds .

========================================================================
Received Import Request.
  Time since last request: 4.567104 seconds.
  path: Assets/Tower Defense/Prefab/Defense.prefab
  artifactKey: Guid(08eb66a9bd3d85b4880f5a32a462a46b) Importer(815301076,1909f56bfc062723c751e8b465ee728b)
Start importing Assets/Tower Defense/Prefab/Defense.prefab using Guid(08eb66a9bd3d85b4880f5a32a462a46b) Importer(815301076,1909f56bfc062723c751e8b465ee728b)  -> (artifact id: 'f8725603e541b65cb6fe9b846fd76dc2') in 0.024080 seconds
  Import took 0.028924 seconds .

========================================================================
Received Prepare
Registering precompiled user dll's ...
Registered in 0.001811 seconds.
Begin MonoManager ReloadAssembly
Native extension for WindowsStandalone target not found
Refreshing native plugins compatible for Editor in 0.70 ms, found 0 plugins.
Preloading 0 native plugins for Editor in 0.00 ms.
Invoked RoslynAnalysisRunner static constructor.
RoslynAnalysisRunner will not be running.
RoslynAnalysisRunner has terminated.
Mono: successfully reloaded assembly
- Completed reload, in  1.971 seconds
Platform modules already initialized, skipping
Refreshing native plugins compatible for Editor in 0.57 ms, found 0 plugins.
Preloading 0 native plugins for Editor in 0.00 ms.
Unloading 1118 Unused Serialized files (Serialized files now loaded: 0)
System memory in use before: 73.2 MB.
System memory in use after: 73.3 MB.

Unloading 5 unused Assets to reduce memory usage. Loaded Objects now: 1704.
Total: 4.068000 ms (FindLiveObjects: 0.493900 ms CreateObjectMapping: 0.141100 ms MarkObjects: 3.392800 ms  DeleteObjects: 0.037600 ms)

========================================================================
Received Import Request.
  Time since last request: 17.254739 seconds.
  path: Assets/Tower Defense/Prefab/Defense.prefab
  artifactKey: Guid(08eb66a9bd3d85b4880f5a32a462a46b) Importer(815301076,1909f56bfc062723c751e8b465ee728b)
Start importing Assets/Tower Defense/Prefab/Defense.prefab using Guid(08eb66a9bd3d85b4880f5a32a462a46b) Importer(815301076,1909f56bfc062723c751e8b465ee728b)  -> (artifact id: 'd3a331b52fde86844a9a709d34adc56a') in 0.147668 seconds
  Import took 0.151347 seconds .

========================================================================
Received Prepare
Registering precompiled user dll's ...
Registered in 0.001847 seconds.
Begin MonoManager ReloadAssembly
Native extension for WindowsStandalone target not found
Refreshing native plugins compatible for Editor in 0.25 ms, found 0 plugins.
Preloading 0 native plugins for Editor in 0.00 ms.
Invoked RoslynAnalysisRunner static constructor.
RoslynAnalysisRunner will not be running.
RoslynAnalysisRunner has terminated.
Mono: successfully reloaded assembly
- Completed reload, in  1.210 seconds
Platform modules already initialized, skipping
Refreshing native plugins compatible for Editor in 0.45 ms, found 0 plugins.
Preloading 0 native plugins for Editor in 0.00 ms.
Unloading 1118 Unused Serialized files (Serialized files now loaded: 0)
System memory in use before: 73.2 MB.
System memory in use after: 73.3 MB.

Unloading 5 unused Assets to reduce memory usage. Loaded Objects now: 1708.
Total: 2.338900 ms (FindLiveObjects: 0.194800 ms CreateObjectMapping: 0.057500 ms MarkObjects: 2.062600 ms  DeleteObjects: 0.022200 ms)

========================================================================
Received Prepare
Registering precompiled user dll's ...
Registered in 0.002387 seconds.
Begin MonoManager ReloadAssembly
Native extension for WindowsStandalone target not found
Refreshing native plugins compatible for Editor in 0.30 ms, found 0 plugins.
Preloading 0 native plugins for Editor in 0.00 ms.
Invoked RoslynAnalysisRunner static constructor.
RoslynAnalysisRunner will not be running.
RoslynAnalysisRunner has terminated.
Mono: successfully reloaded assembly
- Completed reload, in  1.685 seconds
Platform modules already initialized, skipping
Refreshing native plugins compatible for Editor in 0.46 ms, found 0 plugins.
Preloading 0 native plugins for Editor in 0.00 ms.
Unloading 1118 Unused Serialized files (Serialized files now loaded: 0)
System memory in use before: 73.2 MB.
System memory in use after: 73.3 MB.

Unloading 4 unused Assets to reduce memory usage. Loaded Objects now: 1711.
Total: 1.984500 ms (FindLiveObjects: 0.164400 ms CreateObjectMapping: 0.044400 ms MarkObjects: 1.756700 ms  DeleteObjects: 0.017300 ms)

========================================================================
Received Prepare
Registering precompiled user dll's ...
Registered in 0.001824 seconds.
Begin MonoManager ReloadAssembly
Native extension for WindowsStandalone target not found
Refreshing native plugins compatible for Editor in 0.25 ms, found 0 plugins.
Preloading 0 native plugins for Editor in 0.00 ms.
Invoked RoslynAnalysisRunner static constructor.
RoslynAnalysisRunner will not be running.
RoslynAnalysisRunner has terminated.
Mono: successfully reloaded assembly
- Completed reload, in  1.322 seconds
Platform modules already initialized, skipping
Refreshing native plugins compatible for Editor in 0.59 ms, found 0 plugins.
Preloading 0 native plugins for Editor in 0.00 ms.
Unloading 1118 Unused Serialized files (Serialized files now loaded: 0)
System memory in use before: 73.2 MB.
System memory in use after: 73.3 MB.

Unloading 4 unused Assets to reduce memory usage. Loaded Objects now: 1714.
Total: 2.500800 ms (FindLiveObjects: 0.387100 ms CreateObjectMapping: 0.077300 ms MarkObjects: 2.015200 ms  DeleteObjects: 0.019500 ms)

========================================================================
Received Prepare
Registering precompiled user dll's ...
Registered in 0.001789 seconds.
Begin MonoManager ReloadAssembly
Native extension for WindowsStandalone target not found
Refreshing native plugins compatible for Editor in 0.28 ms, found 0 plugins.
Preloading 0 native plugins for Editor in 0.00 ms.
Invoked RoslynAnalysisRunner static constructor.
RoslynAnalysisRunner will not be running.
RoslynAnalysisRunner has terminated.
Mono: successfully reloaded assembly
- Completed reload, in  1.537 seconds
Platform modules already initialized, skipping
Refreshing native plugins compatible for Editor in 0.47 ms, found 0 plugins.
Preloading 0 native plugins for Editor in 0.00 ms.
Unloading 1118 Unused Serialized files (Serialized files now loaded: 0)
System memory in use before: 73.2 MB.
System memory in use after: 73.3 MB.

Unloading 4 unused Assets to reduce memory usage. Loaded Objects now: 1717.
Total: 1.960100 ms (FindLiveObjects: 0.157200 ms CreateObjectMapping: 0.042000 ms MarkObjects: 1.734400 ms  DeleteObjects: 0.025100 ms)

========================================================================
Received Prepare
Registering precompiled user dll's ...
Registered in 0.001779 seconds.
Begin MonoManager ReloadAssembly
Native extension for WindowsStandalone target not found
Refreshing native plugins compatible for Editor in 0.24 ms, found 0 plugins.
Preloading 0 native plugins for Editor in 0.00 ms.
Invoked RoslynAnalysisRunner static constructor.
RoslynAnalysisRunner will not be running.
RoslynAnalysisRunner has terminated.
Mono: successfully reloaded assembly
- Completed reload, in  1.434 seconds
Platform modules already initialized, skipping
Refreshing native plugins compatible for Editor in 0.50 ms, found 0 plugins.
Preloading 0 native plugins for Editor in 0.00 ms.
Unloading 1118 Unused Serialized files (Serialized files now loaded: 0)
System memory in use before: 73.2 MB.
System memory in use after: 73.3 MB.

Unloading 4 unused Assets to reduce memory usage. Loaded Objects now: 1720.
Total: 1.846300 ms (FindLiveObjects: 0.182700 ms CreateObjectMapping: 0.049300 ms MarkObjects: 1.588000 ms  DeleteObjects: 0.024600 ms)

========================================================================
Received Import Request.
  Time since last request: 818.012770 seconds.
  path: Assets/Tower Defense/Prefab/Defense.prefab
  artifactKey: Guid(08eb66a9bd3d85b4880f5a32a462a46b) Importer(815301076,1909f56bfc062723c751e8b465ee728b)
Start importing Assets/Tower Defense/Prefab/Defense.prefab using Guid(08eb66a9bd3d85b4880f5a32a462a46b) Importer(815301076,1909f56bfc062723c751e8b465ee728b)  -> (artifact id: '4222ee98b66bb146776477bee4636db5') in 0.090678 seconds
  Import took 0.094760 seconds .

========================================================================
Received Prepare
Registering precompiled user dll's ...
Registered in 0.001901 seconds.
Begin MonoManager ReloadAssembly
Native extension for WindowsStandalone target not found
Refreshing native plugins compatible for Editor in 0.24 ms, found 0 plugins.
Preloading 0 native plugins for Editor in 0.00 ms.
Invoked RoslynAnalysisRunner static constructor.
RoslynAnalysisRunner will not be running.
RoslynAnalysisRunner has terminated.
Mono: successfully reloaded assembly
- Completed reload, in  1.293 seconds
Platform modules already initialized, skipping
Refreshing native plugins compatible for Editor in 0.47 ms, found 0 plugins.
Preloading 0 native plugins for Editor in 0.00 ms.
Unloading 1118 Unused Serialized files (Serialized files now loaded: 0)
System memory in use before: 73.2 MB.
System memory in use after: 73.3 MB.

Unloading 5 unused Assets to reduce memory usage. Loaded Objects now: 1724.
Total: 2.755900 ms (FindLiveObjects: 0.277800 ms CreateObjectMapping: 0.107900 ms MarkObjects: 2.344500 ms  DeleteObjects: 0.023700 ms)

========================================================================
Received Import Request.
  Time since last request: 8.401930 seconds.
  path: Assets/Tower Defense/Prefab/Defense.prefab
  artifactKey: Guid(08eb66a9bd3d85b4880f5a32a462a46b) Importer(815301076,1909f56bfc062723c751e8b465ee728b)
Start importing Assets/Tower Defense/Prefab/Defense.prefab using Guid(08eb66a9bd3d85b4880f5a32a462a46b) Importer(815301076,1909f56bfc062723c751e8b465ee728b)  -> (artifact id: '015253f5f574be1d03e57bfed8887b51') in 0.088465 seconds
  Import took 0.091929 seconds .

========================================================================
Received Import Request.
  Time since last request: 2.028478 seconds.
  path: Assets/Tower Defense/Prefab/Defense.prefab
  artifactKey: Guid(08eb66a9bd3d85b4880f5a32a462a46b) Importer(815301076,1909f56bfc062723c751e8b465ee728b)
Start importing Assets/Tower Defense/Prefab/Defense.prefab using Guid(08eb66a9bd3d85b4880f5a32a462a46b) Importer(815301076,1909f56bfc062723c751e8b465ee728b)  -> (artifact id: '015253f5f574be1d03e57bfed8887b51') in 0.021194 seconds
  Import took 0.025372 seconds .

========================================================================
Received Prepare
Registering precompiled user dll's ...
Registered in 0.001897 seconds.
Begin MonoManager ReloadAssembly
Native extension for WindowsStandalone target not found
Refreshing native plugins compatible for Editor in 0.23 ms, found 0 plugins.
Preloading 0 native plugins for Editor in 0.00 ms.
Invoked RoslynAnalysisRunner static constructor.
RoslynAnalysisRunner will not be running.
RoslynAnalysisRunner has terminated.
Mono: successfully reloaded assembly
- Completed reload, in  1.827 seconds
Platform modules already initialized, skipping
Refreshing native plugins compatible for Editor in 0.41 ms, found 0 plugins.
Preloading 0 native plugins for Editor in 0.00 ms.
Unloading 1118 Unused Serialized files (Serialized files now loaded: 0)
System memory in use before: 73.2 MB.
System memory in use after: 73.3 MB.

Unloading 5 unused Assets to reduce memory usage. Loaded Objects now: 1728.
Total: 4.424300 ms (FindLiveObjects: 1.500600 ms CreateObjectMapping: 0.158500 ms MarkObjects: 2.728900 ms  DeleteObjects: 0.033900 ms)

========================================================================
Received Prepare
Registering precompiled user dll's ...
Registered in 0.002533 seconds.
Begin MonoManager ReloadAssembly
Native extension for WindowsStandalone target not found
Refreshing native plugins compatible for Editor in 0.23 ms, found 0 plugins.
Preloading 0 native plugins for Editor in 0.00 ms.
Invoked RoslynAnalysisRunner static constructor.
RoslynAnalysisRunner will not be running.
RoslynAnalysisRunner has terminated.
Mono: successfully reloaded assembly
- Completed reload, in  1.248 seconds
Platform modules already initialized, skipping
Refreshing native plugins compatible for Editor in 0.42 ms, found 0 plugins.
Preloading 0 native plugins for Editor in 0.00 ms.
Unloading 1118 Unused Serialized files (Serialized files now loaded: 0)
System memory in use before: 73.2 MB.
System memory in use after: 73.3 MB.

Unloading 4 unused Assets to reduce memory usage. Loaded Objects now: 1731.
Total: 1.919600 ms (FindLiveObjects: 0.230900 ms CreateObjectMapping: 0.082000 ms MarkObjects: 1.579000 ms  DeleteObjects: 0.026200 ms)

========================================================================
Received Prepare
Registering precompiled user dll's ...
Registered in 0.001875 seconds.
Begin MonoManager ReloadAssembly
Native extension for WindowsStandalone target not found
Refreshing native plugins compatible for Editor in 0.25 ms, found 0 plugins.
Preloading 0 native plugins for Editor in 0.00 ms.
Invoked RoslynAnalysisRunner static constructor.
RoslynAnalysisRunner will not be running.
RoslynAnalysisRunner has terminated.
Mono: successfully reloaded assembly
- Completed reload, in  1.265 seconds
Platform modules already initialized, skipping
Refreshing native plugins compatible for Editor in 0.49 ms, found 0 plugins.
Preloading 0 native plugins for Editor in 0.00 ms.
Unloading 1118 Unused Serialized files (Serialized files now loaded: 0)
System memory in use before: 73.2 MB.
System memory in use after: 73.3 MB.

Unloading 4 unused Assets to reduce memory usage. Loaded Objects now: 1734.
Total: 2.021500 ms (FindLiveObjects: 0.162000 ms CreateObjectMapping: 0.043100 ms MarkObjects: 1.798200 ms  DeleteObjects: 0.016700 ms)

========================================================================
Received Prepare
Registering precompiled user dll's ...
Registered in 0.001868 seconds.
Begin MonoManager ReloadAssembly
Native extension for WindowsStandalone target not found
Refreshing native plugins compatible for Editor in 0.37 ms, found 0 plugins.
Preloading 0 native plugins for Editor in 0.00 ms.
Invoked RoslynAnalysisRunner static constructor.
RoslynAnalysisRunner will not be running.
RoslynAnalysisRunner has terminated.
Mono: successfully reloaded assembly
- Completed reload, in  1.577 seconds
Platform modules already initialized, skipping
Refreshing native plugins compatible for Editor in 0.50 ms, found 0 plugins.
Preloading 0 native plugins for Editor in 0.00 ms.
Unloading 1118 Unused Serialized files (Serialized files now loaded: 0)
System memory in use before: 73.3 MB.
System memory in use after: 73.4 MB.

Unloading 4 unused Assets to reduce memory usage. Loaded Objects now: 1737.
Total: 1.868500 ms (FindLiveObjects: 0.169400 ms CreateObjectMapping: 0.042700 ms MarkObjects: 1.627300 ms  DeleteObjects: 0.027300 ms)

========================================================================
Received Import Request.
  Time since last request: 702.028938 seconds.
  path: Assets/Tower Defense/Prefab/SmallBadGuy.prefab
  artifactKey: Guid(930fa4151fffb3d488d1d0b00b4691ab) Importer(815301076,1909f56bfc062723c751e8b465ee728b)
Start importing Assets/Tower Defense/Prefab/SmallBadGuy.prefab using Guid(930fa4151fffb3d488d1d0b00b4691ab) Importer(815301076,1909f56bfc062723c751e8b465ee728b)  -> (artifact id: '15515e8f9065e710b8bd49db5ba7c95f') in 0.087027 seconds
  Import took 0.090611 seconds .

========================================================================
Received Prepare
Registering precompiled user dll's ...
Registered in 0.002454 seconds.
Begin MonoManager ReloadAssembly
Native extension for WindowsStandalone target not found
Refreshing native plugins compatible for Editor in 0.43 ms, found 0 plugins.
Preloading 0 native plugins for Editor in 0.00 ms.
Invoked RoslynAnalysisRunner static constructor.
RoslynAnalysisRunner will not be running.
RoslynAnalysisRunner has terminated.
Mono: successfully reloaded assembly
- Completed reload, in  1.469 seconds
Platform modules already initialized, skipping
Refreshing native plugins compatible for Editor in 0.31 ms, found 0 plugins.
Preloading 0 native plugins for Editor in 0.00 ms.
Unloading 1118 Unused Serialized files (Serialized files now loaded: 0)
System memory in use before: 73.3 MB.
System memory in use after: 73.4 MB.

Unloading 5 unused Assets to reduce memory usage. Loaded Objects now: 1741.
Total: 2.085900 ms (FindLiveObjects: 0.215600 ms CreateObjectMapping: 0.080900 ms MarkObjects: 1.699000 ms  DeleteObjects: 0.086000 ms)

========================================================================
Received Import Request.
  Time since last request: 139.738706 seconds.
  path: Assets/Tower Defense/Prefab/SmallBadGuy.prefab
  artifactKey: Guid(930fa4151fffb3d488d1d0b00b4691ab) Importer(815301076,1909f56bfc062723c751e8b465ee728b)
Start importing Assets/Tower Defense/Prefab/SmallBadGuy.prefab using Guid(930fa4151fffb3d488d1d0b00b4691ab) Importer(815301076,1909f56bfc062723c751e8b465ee728b)  -> (artifact id: '8e518f887735c35fa18fed84d091d050') in 0.086570 seconds
  Import took 0.090593 seconds .

========================================================================
Received Import Request.
  Time since last request: 2.159792 seconds.
  path: Assets/Tower Defense/Prefab/SmallBadGuy.prefab
  artifactKey: Guid(930fa4151fffb3d488d1d0b00b4691ab) Importer(815301076,1909f56bfc062723c751e8b465ee728b)
Start importing Assets/Tower Defense/Prefab/SmallBadGuy.prefab using Guid(930fa4151fffb3d488d1d0b00b4691ab) Importer(815301076,1909f56bfc062723c751e8b465ee728b)  -> (artifact id: '3fae9e0e34c072a8a1c960d1efc29e27') in 0.027473 seconds
  Import took 0.032302 seconds .

========================================================================
Received Import Request.
  Time since last request: 3.857917 seconds.
  path: Assets/Tower Defense/Prefab/SmallBadGuy.prefab
  artifactKey: Guid(930fa4151fffb3d488d1d0b00b4691ab) Importer(815301076,1909f56bfc062723c751e8b465ee728b)
Start importing Assets/Tower Defense/Prefab/SmallBadGuy.prefab using Guid(930fa4151fffb3d488d1d0b00b4691ab) Importer(815301076,1909f56bfc062723c751e8b465ee728b)  -> (artifact id: '021f4813c526c6aa2688af742aca0624') in 0.029418 seconds
  Import took 0.034557 seconds .

========================================================================
Received Prepare
Registering precompiled user dll's ...
Registered in 0.001963 seconds.
Begin MonoManager ReloadAssembly
Native extension for WindowsStandalone target not found
Refreshing native plugins compatible for Editor in 0.26 ms, found 0 plugins.
Preloading 0 native plugins for Editor in 0.00 ms.
Invoked RoslynAnalysisRunner static constructor.
RoslynAnalysisRunner will not be running.
RoslynAnalysisRunner has terminated.
Mono: successfully reloaded assembly
- Completed reload, in  1.535 seconds
Platform modules already initialized, skipping
Refreshing native plugins compatible for Editor in 0.46 ms, found 0 plugins.
Preloading 0 native plugins for Editor in 0.00 ms.
Unloading 1118 Unused Serialized files (Serialized files now loaded: 0)
System memory in use before: 73.3 MB.
System memory in use after: 73.4 MB.

Unloading 5 unused Assets to reduce memory usage. Loaded Objects now: 1745.
Total: 1.966100 ms (FindLiveObjects: 0.163200 ms CreateObjectMapping: 0.044700 ms MarkObjects: 1.726500 ms  DeleteObjects: 0.030400 ms)

========================================================================
Received Import Request.
  Time since last request: 36.692358 seconds.
  path: Assets/Tower Defense/Scripts/DropTower.cs
  artifactKey: Guid(deecc81381502de4d832fe532bbd5275) Importer(815301076,1909f56bfc062723c751e8b465ee728b)
Start importing Assets/Tower Defense/Scripts/DropTower.cs using Guid(deecc81381502de4d832fe532bbd5275) Importer(815301076,1909f56bfc062723c751e8b465ee728b)  -> (artifact id: 'ef35dc6fd92564a342cdcc3d021377cb') in 0.019407 seconds
  Import took 0.030913 seconds .

========================================================================
Received Import Request.
  Time since last request: 0.011935 seconds.
  path: Assets/Tower Defense/Scripts/DropTower.cs
  artifactKey: Guid(deecc81381502de4d832fe532bbd5275) Importer(815301076,1909f56bfc062723c751e8b465ee728b)
Start importing Assets/Tower Defense/Scripts/DropTower.cs using Guid(deecc81381502de4d832fe532bbd5275) Importer(815301076,1909f56bfc062723c751e8b465ee728b)  -> (artifact id: 'ef35dc6fd92564a342cdcc3d021377cb') in 0.012490 seconds
  Import took 0.017630 seconds .

========================================================================
Received Prepare
Registering precompiled user dll's ...
Registered in 0.002506 seconds.
Begin MonoManager ReloadAssembly
Native extension for WindowsStandalone target not found
Refreshing native plugins compatible for Editor in 0.25 ms, found 0 plugins.
Preloading 0 native plugins for Editor in 0.00 ms.
Invoked RoslynAnalysisRunner static constructor.
RoslynAnalysisRunner will not be running.
RoslynAnalysisRunner has terminated.
Mono: successfully reloaded assembly
- Completed reload, in  1.307 seconds
Platform modules already initialized, skipping
Refreshing native plugins compatible for Editor in 0.36 ms, found 0 plugins.
Preloading 0 native plugins for Editor in 0.00 ms.
Unloading 1118 Unused Serialized files (Serialized files now loaded: 0)
System memory in use before: 73.3 MB.
System memory in use after: 73.4 MB.

Unloading 4 unused Assets to reduce memory usage. Loaded Objects now: 1748.
Total: 2.464000 ms (FindLiveObjects: 0.323800 ms CreateObjectMapping: 0.260500 ms MarkObjects: 1.852200 ms  DeleteObjects: 0.026100 ms)

========================================================================
Received Prepare
Registering precompiled user dll's ...
Registered in 0.004197 seconds.
Begin MonoManager ReloadAssembly
Native extension for WindowsStandalone target not found
Refreshing native plugins compatible for Editor in 0.25 ms, found 0 plugins.
Preloading 0 native plugins for Editor in 0.00 ms.
Invoked RoslynAnalysisRunner static constructor.
RoslynAnalysisRunner will not be running.
RoslynAnalysisRunner has terminated.
Mono: successfully reloaded assembly
- Completed reload, in  1.505 seconds
Platform modules already initialized, skipping
Refreshing native plugins compatible for Editor in 0.26 ms, found 0 plugins.
Preloading 0 native plugins for Editor in 0.00 ms.
Unloading 1118 Unused Serialized files (Serialized files now loaded: 0)
System memory in use before: 73.3 MB.
System memory in use after: 73.4 MB.

Unloading 4 unused Assets to reduce memory usage. Loaded Objects now: 1751.
Total: 2.076600 ms (FindLiveObjects: 0.173000 ms CreateObjectMapping: 0.042800 ms MarkObjects: 1.832400 ms  DeleteObjects: 0.026200 ms)

AssetImportWorkerClient::OnTransportError - code=2 error=End of file
